{"total": {"lines":{"total":497,"covered":473,"skipped":0,"pct":95.17},"statements":{"total":542,"covered":507,"skipped":0,"pct":93.54},"functions":{"total":93,"covered":86,"skipped":0,"pct":92.47},"branches":{"total":375,"covered":328,"skipped":0,"pct":87.46},"branchesTrue":{"total":0,"covered":0,"skipped":0,"pct":100}}
,"C:\\dev\\projects\\FuelFinder_Italy\\server\\controllers\\apiController.js": {"lines":{"total":70,"covered":66,"skipped":0,"pct":94.28},"functions":{"total":8,"covered":8,"skipped":0,"pct":100},"statements":{"total":73,"covered":69,"skipped":0,"pct":94.52},"branches":{"total":45,"covered":32,"skipped":0,"pct":71.11}}
,"C:\\dev\\projects\\FuelFinder_Italy\\server\\middlewares\\errorHandler.js": {"lines":{"total":7,"covered":7,"skipped":0,"pct":100},"functions":{"total":1,"covered":1,"skipped":0,"pct":100},"statements":{"total":7,"covered":7,"skipped":0,"pct":100},"branches":{"total":10,"covered":10,"skipped":0,"pct":100}}
,"C:\\dev\\projects\\FuelFinder_Italy\\server\\middlewares\\modernCompression.js": {"lines":{"total":71,"covered":55,"skipped":0,"pct":77.46},"functions":{"total":10,"covered":3,"skipped":0,"pct":30},"statements":{"total":81,"covered":55,"skipped":0,"pct":67.9},"branches":{"total":66,"covered":38,"skipped":0,"pct":57.57}}
,"C:\\dev\\projects\\FuelFinder_Italy\\server\\repositories\\stationRepository.js": {"lines":{"total":7,"covered":7,"skipped":0,"pct":100},"functions":{"total":2,"covered":2,"skipped":0,"pct":100},"statements":{"total":9,"covered":9,"skipped":0,"pct":100},"branches":{"total":4,"covered":4,"skipped":0,"pct":100}}
,"C:\\dev\\projects\\FuelFinder_Italy\\server\\routes\\api.js": {"lines":{"total":5,"covered":5,"skipped":0,"pct":100},"functions":{"total":1,"covered":1,"skipped":0,"pct":100},"statements":{"total":5,"covered":5,"skipped":0,"pct":100},"branches":{"total":0,"covered":0,"skipped":0,"pct":100}}
,"C:\\dev\\projects\\FuelFinder_Italy\\server\\services\\stationService.js": {"lines":{"total":22,"covered":22,"skipped":0,"pct":100},"functions":{"total":4,"covered":4,"skipped":0,"pct":100},"statements":{"total":23,"covered":23,"skipped":0,"pct":100},"branches":{"total":0,"covered":0,"skipped":0,"pct":100}}
,"C:\\dev\\projects\\FuelFinder_Italy\\server\\sync\\nativeParser.js": {"lines":{"total":24,"covered":20,"skipped":0,"pct":83.33},"functions":{"total":2,"covered":2,"skipped":0,"pct":100},"statements":{"total":27,"covered":22,"skipped":0,"pct":81.48},"branches":{"total":20,"covered":14,"skipped":0,"pct":70}}
,"C:\\dev\\projects\\FuelFinder_Italy\\server\\sync\\processor.js": {"lines":{"total":42,"covered":42,"skipped":0,"pct":100},"functions":{"total":5,"covered":5,"skipped":0,"pct":100},"statements":{"total":44,"covered":44,"skipped":0,"pct":100},"branches":{"total":55,"covered":55,"skipped":0,"pct":100}}
,"C:\\dev\\projects\\FuelFinder_Italy\\server\\validators\\apiValidator.js": {"lines":{"total":25,"covered":25,"skipped":0,"pct":100},"functions":{"total":2,"covered":2,"skipped":0,"pct":100},"statements":{"total":25,"covered":25,"skipped":0,"pct":100},"branches":{"total":37,"covered":37,"skipped":0,"pct":100}}
,"C:\\dev\\projects\\FuelFinder_Italy\\src\\components\\Footer.jsx": {"lines":{"total":4,"covered":4,"skipped":0,"pct":100},"functions":{"total":2,"covered":2,"skipped":0,"pct":100},"statements":{"total":5,"covered":5,"skipped":0,"pct":100},"branches":{"total":0,"covered":0,"skipped":0,"pct":100}}
,"C:\\dev\\projects\\FuelFinder_Italy\\src\\components\\Header.jsx": {"lines":{"total":21,"covered":21,"skipped":0,"pct":100},"functions":{"total":7,"covered":7,"skipped":0,"pct":100},"statements":{"total":25,"covered":25,"skipped":0,"pct":100},"branches":{"total":12,"covered":12,"skipped":0,"pct":100}}
,"C:\\dev\\projects\\FuelFinder_Italy\\src\\components\\RoutePanel.jsx": {"lines":{"total":13,"covered":13,"skipped":0,"pct":100},"functions":{"total":3,"covered":3,"skipped":0,"pct":100},"statements":{"total":16,"covered":16,"skipped":0,"pct":100},"branches":{"total":10,"covered":10,"skipped":0,"pct":100}}
,"C:\\dev\\projects\\FuelFinder_Italy\\src\\components\\SearchPanel.jsx": {"lines":{"total":4,"covered":4,"skipped":0,"pct":100},"functions":{"total":2,"covered":2,"skipped":0,"pct":100},"statements":{"total":5,"covered":5,"skipped":0,"pct":100},"branches":{"total":6,"covered":6,"skipped":0,"pct":100}}
,"C:\\dev\\projects\\FuelFinder_Italy\\src\\components\\Sidebar.jsx": {"lines":{"total":6,"covered":6,"skipped":0,"pct":100},"functions":{"total":2,"covered":2,"skipped":0,"pct":100},"statements":{"total":6,"covered":6,"skipped":0,"pct":100},"branches":{"total":12,"covered":12,"skipped":0,"pct":100}}
,"C:\\dev\\projects\\FuelFinder_Italy\\src\\components\\search\\GPSButton.jsx": {"lines":{"total":8,"covered":8,"skipped":0,"pct":100},"functions":{"total":2,"covered":2,"skipped":0,"pct":100},"statements":{"total":8,"covered":8,"skipped":0,"pct":100},"branches":{"total":0,"covered":0,"skipped":0,"pct":100}}
,"C:\\dev\\projects\\FuelFinder_Italy\\src\\components\\search\\LocationAutocomplete.jsx": {"lines":{"total":15,"covered":15,"skipped":0,"pct":100},"functions":{"total":9,"covered":9,"skipped":0,"pct":100},"statements":{"total":19,"covered":19,"skipped":0,"pct":100},"branches":{"total":9,"covered":9,"skipped":0,"pct":100}}
,"C:\\dev\\projects\\FuelFinder_Italy\\src\\components\\search\\LocationInput.jsx": {"lines":{"total":27,"covered":27,"skipped":0,"pct":100},"functions":{"total":6,"covered":6,"skipped":0,"pct":100},"statements":{"total":29,"covered":29,"skipped":0,"pct":100},"branches":{"total":13,"covered":13,"skipped":0,"pct":100}}
,"C:\\dev\\projects\\FuelFinder_Italy\\src\\config\\routes.js": {"lines":{"total":7,"covered":7,"skipped":0,"pct":100},"functions":{"total":2,"covered":2,"skipped":0,"pct":100},"statements":{"total":7,"covered":7,"skipped":0,"pct":100},"branches":{"total":4,"covered":4,"skipped":0,"pct":100}}
,"C:\\dev\\projects\\FuelFinder_Italy\\src\\context\\StationsContext.jsx": {"lines":{"total":70,"covered":70,"skipped":0,"pct":100},"functions":{"total":10,"covered":10,"skipped":0,"pct":100},"statements":{"total":75,"covered":75,"skipped":0,"pct":100},"branches":{"total":50,"covered":50,"skipped":0,"pct":100}}
,"C:\\dev\\projects\\FuelFinder_Italy\\src\\hooks\\useGeolocation.js": {"lines":{"total":13,"covered":13,"skipped":0,"pct":100},"functions":{"total":5,"covered":5,"skipped":0,"pct":100},"statements":{"total":13,"covered":13,"skipped":0,"pct":100},"branches":{"total":2,"covered":2,"skipped":0,"pct":100}}
,"C:\\dev\\projects\\FuelFinder_Italy\\src\\hooks\\useNominatim.js": {"lines":{"total":25,"covered":25,"skipped":0,"pct":100},"functions":{"total":6,"covered":6,"skipped":0,"pct":100},"statements":{"total":26,"covered":26,"skipped":0,"pct":100},"branches":{"total":8,"covered":8,"skipped":0,"pct":100}}
,"C:\\dev\\projects\\FuelFinder_Italy\\src\\utils\\formatters.js": {"lines":{"total":11,"covered":11,"skipped":0,"pct":100},"functions":{"total":2,"covered":2,"skipped":0,"pct":100},"statements":{"total":14,"covered":14,"skipped":0,"pct":100},"branches":{"total":12,"covered":12,"skipped":0,"pct":100}}
}
